<?xml version="1.0" encoding="UTF-8"?>
<!-- Generated by org.testng.reporters.JUnitReportReporter -->
<testsuite hostname="Atlas" failures="0" tests="1" name="com.demoblaze.automation.ProductPurchaseTest" time="13.395" errors="0" timestamp="2025-03-29T00:42:53 IST" skipped="0">
  <testcase classname="com.demoblaze.automation.ProductPurchaseTest" name="testProductPurchase" time="13.395"/>
  <system-out/>
</testsuite> <!-- com.demoblaze.automation.ProductPurchaseTest -->
